TN:
SF:src\useCases\AcceptTradeProposal\AcceptTradeProposalUseCase.ts
FN:5,(anonymous_0)
FN:7,(anonymous_1)
FNF:2
FNH:2
FNDA:2,(anonymous_0)
FNDA:2,(anonymous_1)
DA:4,1
DA:5,2
DA:9,2
DA:10,2
DA:11,1
DA:13,1
LF:6
LH:6
BRDA:10,0,0,1
BRF:1
BRH:1
end_of_record
TN:
SF:src\useCases\AuthUser\AuthUserUseCase.ts
FN:7,(anonymous_0)
FN:13,(anonymous_1)
FNF:2
FNH:2
FNDA:5,(anonymous_0)
FNDA:5,(anonymous_1)
DA:5,1
DA:8,5
DA:9,5
DA:14,5
DA:16,4
DA:17,2
DA:20,2
DA:21,1
DA:24,1
DA:25,1
LF:10
LH:10
BRDA:16,0,0,2
BRDA:20,1,0,1
BRF:2
BRH:2
end_of_record
TN:
SF:src\useCases\AvailableBooks\AvailableBooksUseCase.ts
FN:5,(anonymous_0)
FN:7,(anonymous_1)
FNF:2
FNH:2
FNDA:1,(anonymous_0)
FNDA:1,(anonymous_1)
DA:4,1
DA:5,1
DA:8,1
LF:3
LH:3
BRF:0
BRH:0
end_of_record
TN:
SF:src\useCases\CreateBook\CreateBookUseCase.ts
FN:6,(anonymous_0)
FN:8,(anonymous_1)
FNF:2
FNH:2
FNDA:1,(anonymous_0)
FNDA:1,(anonymous_1)
DA:1,1
DA:5,1
DA:6,1
DA:9,1
DA:11,1
DA:19,1
DA:21,1
LF:7
LH:7
BRF:0
BRH:0
end_of_record
TN:
SF:src\useCases\CreateTradeProposal\CreateTradeProposalUseCase.ts
FN:7,(anonymous_0)
FN:12,(anonymous_1)
FNF:2
FNH:2
FNDA:2,(anonymous_0)
FNDA:2,(anonymous_1)
DA:6,1
DA:8,2
DA:9,2
DA:13,2
DA:15,2
DA:18,2
DA:21,2
DA:27,2
DA:28,1
DA:32,1
DA:35,1
DA:36,0
DA:39,1
DA:46,1
LF:14
LH:13
BRDA:27,0,0,1
BRDA:32,1,0,1
BRDA:32,1,1,1
BRDA:35,2,0,0
BRF:4
BRH:3
end_of_record
TN:
SF:src\useCases\CreateUser\CreateUserUseCase.ts
FN:8,(anonymous_0)
FN:13,(anonymous_1)
FNF:2
FNH:2
FNDA:1,(anonymous_0)
FNDA:2,(anonymous_1)
DA:1,1
DA:7,1
DA:9,1
DA:10,1
DA:11,1
DA:14,2
DA:18,2
DA:19,1
DA:22,1
DA:24,1
DA:25,1
DA:26,1
DA:39,1
LF:13
LH:13
BRDA:18,0,0,1
BRF:1
BRH:1
end_of_record
TN:
SF:src\useCases\GetUserTradeProposals\GetUserTradeProposalsUseCase.ts
FN:5,(anonymous_0)
FN:7,(anonymous_1)
FNF:2
FNH:2
FNDA:1,(anonymous_0)
FNDA:1,(anonymous_1)
DA:4,1
DA:5,1
DA:9,1
DA:10,1
LF:4
LH:4
BRF:0
BRH:0
end_of_record
TN:
SF:src\useCases\RefreshToken\RefreshUserUseCase.ts
FN:6,(anonymous_0)
FN:10,(anonymous_1)
FNF:2
FNH:2
FNDA:1,(anonymous_0)
FNDA:5,(anonymous_1)
DA:5,1
DA:7,1
DA:8,1
DA:11,5
DA:12,1
DA:14,4
DA:15,4
DA:16,4
LF:8
LH:8
BRDA:11,0,0,1
BRF:1
BRH:1
end_of_record
TN:
SF:src\useCases\RejectTradeProposal\RejectTradeProposalUseCase.ts
FN:5,(anonymous_0)
FN:7,(anonymous_1)
FNF:2
FNH:2
FNDA:1,(anonymous_0)
FNDA:1,(anonymous_1)
DA:4,1
DA:5,1
DA:9,1
DA:10,1
DA:11,0
DA:13,1
LF:6
LH:5
BRDA:10,0,0,0
BRF:1
BRH:0
end_of_record
TN:
SF:src\useCases\SearchBooks\SearchBooksUseCase.ts
FN:5,(anonymous_0)
FN:7,(anonymous_1)
FNF:2
FNH:2
FNDA:2,(anonymous_0)
FNDA:2,(anonymous_1)
DA:4,1
DA:5,2
DA:8,2
LF:3
LH:3
BRF:0
BRH:0
end_of_record
TN:
SF:src\useCases\UpdateUser\UpdateUserUseCase.ts
FN:5,(anonymous_0)
FN:10,(anonymous_1)
FNF:2
FNH:2
FNDA:1,(anonymous_0)
FNDA:2,(anonymous_1)
DA:3,1
DA:6,1
DA:11,2
DA:13,2
DA:14,1
DA:17,1
LF:6
LH:6
BRDA:13,0,0,1
BRF:1
BRH:1
end_of_record
TN:
SF:src\useCases\VerifyUser\VerifyUserUseCase.ts
FN:6,(anonymous_0)
FN:10,(anonymous_1)
FNF:2
FNH:2
FNDA:1,(anonymous_0)
FNDA:3,(anonymous_1)
DA:5,1
DA:7,1
DA:8,1
DA:11,3
DA:13,2
DA:14,0
DA:17,2
DA:19,2
DA:20,1
DA:23,1
DA:24,1
LF:11
LH:10
BRDA:13,0,0,0
BRDA:19,1,0,1
BRF:2
BRH:1
end_of_record
